<?xml version="1.0" encoding="UTF-8"?>
<!-- Generated by org.testng.reporters.JUnitReportReporter -->
<testsuite hostname="LAPTOP-K8P78P73" failures="0" tests="1" name="_1MeeshoTest.Test3" time="35.051" errors="0" timestamp="2023-10-13T14:57:17 IST" skipped="0">
  <testcase classname="_1MeeshoTest.Test3" name="selectTargetProduct" time="35.051"/>
</testsuite> <!-- _1MeeshoTest.Test3 -->
